2015-09-29 23:35:53 认证方式  有线认证
2015-09-29 23:35:53 认证网卡  eth0
2015-09-29 23:35:53 用户名  20142480103
2015-09-29 23:35:53 服务  internet
2015-09-29 23:35:53 寻找认证服务器...
2015-09-29 23:35:53 连接认证服务器...
2015-09-29 23:35:53 客户端提示： 服务列表完成更新
2015-09-29 23:35:53 正在进行认证...
2015-09-29 23:35:53 认证成功
2015-09-29 23:35:53 管理中心提示： 新开普更换服务器，预计时间10.40-12.40，在此期间网费无法交纳。请互相转告为盼。

您当前使用的服务为internet;
账户余额为0.00元;
计费策略为包月;
您当前使用的接入控制为internet9;
2015-09-29 23:52:21 退出客户端成功
2015-09-29 23:53:51 认证方式  有线认证
2015-09-29 23:53:51 认证网卡  eth0
2015-09-29 23:53:51 用户名  20142480103
2015-09-29 23:53:51 服务  internet
2015-09-29 23:53:51 寻找认证服务器...
2015-09-29 23:53:51 连接认证服务器...
2015-09-29 23:53:51 正在进行认证...
2015-09-29 23:53:51 认证成功
2015-09-29 23:53:51 管理中心提示： 新开普更换服务器，预计时间10.40-12.40，在此期间网费无法交纳。请互相转告为盼。

您当前使用的服务为internet;
账户余额为0.00元;
计费策略为包月;
您当前使用的接入控制为internet9;
2015-09-30 07:28:24 退出客户端成功
2015-09-30 07:45:09 认证方式  有线认证
2015-09-30 07:45:09 认证网卡  eth0
2015-09-30 07:45:09 用户名  20142480103
2015-09-30 07:45:09 服务  internet
2015-09-30 07:45:10 寻找认证服务器...
2015-09-30 07:45:10 连接认证服务器...
2015-09-30 07:45:10 正在进行认证...
2015-09-30 07:45:10 认证成功
2015-09-30 07:45:10 管理中心提示： 新开普更换服务器，预计时间10.40-12.40，在此期间网费无法交纳。请互相转告为盼。

您当前使用的服务为internet;
账户余额为0.00元;
计费策略为包月;
您当前使用的接入控制为internet9;
2015-09-30 08:00:56 退出客户端成功
2015-09-30 08:01:21 认证方式  有线认证
2015-09-30 08:01:21 认证网卡  eth0
2015-09-30 08:01:21 用户名  20142480103
2015-09-30 08:01:21 服务  internet
2015-09-30 08:01:21 寻找认证服务器...
2015-09-30 08:01:21 连接认证服务器...
2015-09-30 08:01:21 正在进行认证...
2015-09-30 08:01:21 认证成功
2015-09-30 08:01:21 管理中心提示： 新开普更换服务器，预计时间10.40-12.40，在此期间网费无法交纳。请互相转告为盼。

您当前使用的服务为internet;
账户余额为0.00元;
计费策略为包月;
您当前使用的接入控制为internet9;
2015-09-30 08:35:38 退出客户端成功
2015-09-30 08:39:39 认证方式  有线认证
2015-09-30 08:39:39 认证网卡  eth0
2015-09-30 08:39:39 用户名  20142480103
2015-09-30 08:39:39 服务  internet
2015-09-30 08:40:06 退出客户端成功
2015-09-30 08:40:13 认证方式  有线认证
2015-09-30 08:40:13 认证网卡  eth0
2015-09-30 08:40:13 用户名  20142480103
2015-09-30 08:40:13 服务  internet
2015-09-30 08:40:23 退出客户端成功
2015-09-30 08:41:44 认证方式  有线认证
2015-09-30 08:41:44 认证网卡  eth0
2015-09-30 08:41:44 用户名  20142480103
2015-09-30 08:41:44 服务  internet
2015-09-30 08:42:20 退出客户端成功
2015-09-30 08:42:29 认证方式  有线认证
2015-09-30 08:42:29 认证网卡  eth0
2015-09-30 08:42:29 用户名  20142480103
2015-09-30 08:42:29 服务  internet
2015-09-30 08:42:50 退出客户端成功
2015-09-30 08:43:49 认证方式  有线认证
2015-09-30 08:43:49 认证网卡  eth0
2015-09-30 08:43:49 用户名  20142480103
2015-09-30 08:43:49 服务  internet
2015-09-30 08:44:09 退出客户端成功
2015-09-30 08:45:59 认证方式  有线认证
2015-09-30 08:45:59 认证网卡  eth0
2015-09-30 08:45:59 用户名  20142480103
2015-09-30 08:45:59 服务  internet
2015-09-30 08:46:07 退出客户端成功
2015-09-30 08:47:49 认证方式  有线认证
2015-09-30 08:47:49 认证网卡  eth0
2015-09-30 08:47:49 用户名  20142480103
2015-09-30 08:47:49 服务  internet
2015-09-30 08:49:47 退出客户端成功
2015-09-30 08:56:02 认证方式  有线认证
2015-09-30 08:56:02 认证网卡  eth0
2015-09-30 08:56:02 用户名  20142480103
2015-09-30 08:56:02 服务  internet
2015-09-30 08:56:34 退出客户端成功
2015-09-30 08:56:42 认证方式  有线认证
2015-09-30 08:56:42 认证网卡  eth0
2015-09-30 08:56:42 用户名  20142480103
2015-09-30 08:56:42 服务  internet
2015-09-30 08:57:34 退出客户端成功
2015-09-30 08:57:42 认证方式  有线认证
2015-09-30 08:57:42 认证网卡  eth0
2015-09-30 08:57:42 用户名  20142480103
2015-09-30 08:57:42 服务  internet
2015-09-30 09:00:11 退出客户端成功
2015-09-30 09:00:54 认证方式  有线认证
2015-09-30 09:00:54 认证网卡  eth0
2015-09-30 09:00:54 用户名  20142480103
2015-09-30 09:00:54 服务  internet
2015-09-30 09:01:01 退出客户端成功
2015-09-30 09:03:02 认证方式  有线认证
2015-09-30 09:03:02 认证网卡  eth0
2015-09-30 09:03:02 用户名  20142480103
2015-09-30 09:03:02 服务  internet
2015-09-30 09:03:02 寻找认证服务器...
2015-09-30 09:03:02 连接认证服务器...
2015-09-30 09:03:02 正在进行认证...
2015-09-30 09:03:02 认证成功
2015-09-30 09:03:02 管理中心提示： 新开普更换服务器，预计时间10.40-12.40，在此期间网费无法交纳。请互相转告为盼。

您当前使用的服务为internet;
账户余额为0.00元;
计费策略为包月;
您当前使用的接入控制为internet9;
2015-09-30 09:04:02 客户端提示： 检测到您安装了多块网卡，请将非认证网卡禁用后进行认证

2015-09-30 09:04:02 检测到您安装了多块网卡，请将非认证网卡禁用后进行认证
2015-09-30 09:04:02 退出客户端成功
2015-09-30 09:04:39 认证方式  有线认证
2015-09-30 09:04:39 认证网卡  eth0
2015-09-30 09:04:39 用户名  20142480103
2015-09-30 09:04:39 服务  internet
2015-09-30 09:04:39 寻找认证服务器...
2015-09-30 09:04:39 连接认证服务器...
2015-09-30 09:04:39 正在进行认证...
2015-09-30 09:04:39 认证成功
2015-09-30 09:04:39 管理中心提示： 新开普更换服务器，预计时间10.40-12.40，在此期间网费无法交纳。请互相转告为盼。

您当前使用的服务为internet;
账户余额为0.00元;
计费策略为包月;
您当前使用的接入控制为internet9;
2015-09-30 09:59:05 退出客户端成功
2015-09-30 12:03:15 认证方式  有线认证
2015-09-30 12:03:15 认证网卡  eth0
2015-09-30 12:03:15 用户名  20142480103
2015-09-30 12:03:15 服务  internet
2015-09-30 12:03:15 寻找认证服务器...
2015-09-30 12:03:15 连接认证服务器...
2015-09-30 12:03:15 正在进行认证...
2015-09-30 12:03:15 认证成功
2015-09-30 12:03:15 管理中心提示： 
您当前使用的服务为internet;
账户余额为0.00元;
计费策略为包月;
您当前使用的接入控制为internet9;
2015-09-30 12:31:43 认证方式  有线认证
2015-09-30 12:31:43 认证网卡  eth0
2015-09-30 12:31:43 用户名  20142480103
2015-09-30 12:31:43 服务  internet
2015-09-30 12:31:43 寻找认证服务器...
2015-09-30 12:31:43 连接认证服务器...
2015-09-30 12:31:43 正在进行认证...
2015-09-30 12:31:43 认证成功
2015-09-30 12:31:43 管理中心提示： 
您当前使用的服务为internet;
账户余额为0.00元;
计费策略为包月;
您当前使用的接入控制为internet9;
2015-09-30 13:07:02 退出客户端成功
2015-10-07 15:43:26 认证方式  有线认证
2015-10-07 15:43:26 认证网卡  eth0
2015-10-07 15:43:26 用户名  20142480103
2015-10-07 15:43:26 服务  internet
2015-10-07 15:43:39 退出客户端成功
2015-10-07 15:43:46 认证方式  有线认证
2015-10-07 15:43:46 认证网卡  eth0
2015-10-07 15:43:46 用户名  20142480103
2015-10-07 15:43:46 服务  internet
2015-10-07 15:43:54 退出客户端成功
2015-10-07 15:44:01 认证方式  有线认证
2015-10-07 15:44:01 认证网卡  eth0
2015-10-07 15:44:01 用户名  20142480103
2015-10-07 15:44:01 服务  internet
2015-10-07 15:44:26 退出客户端成功
2015-10-07 15:46:01 认证方式  有线认证
2015-10-07 15:46:01 认证网卡  eth0
2015-10-07 15:46:01 用户名  20142480103
2015-10-07 15:46:01 服务  internet
2015-10-07 15:46:08 退出客户端成功
2015-10-07 15:46:28 认证方式  有线认证
2015-10-07 15:46:28 认证网卡  eth0
2015-10-07 15:46:28 用户名  20142480103
2015-10-07 15:46:28 服务  internet
2015-10-07 15:46:37 退出客户端成功
2015-10-07 19:43:40 认证方式  有线认证
2015-10-07 19:43:40 认证网卡  eth0
2015-10-07 19:43:40 用户名  20142480103
2015-10-07 19:43:40 服务  internet
2015-10-07 19:44:26 退出客户端成功
2015-10-07 19:44:33 认证方式  有线认证
2015-10-07 19:44:33 认证网卡  eth0
2015-10-07 19:44:33 用户名  20142480103
2015-10-07 19:44:33 服务  internet
2015-10-07 19:44:33 寻找认证服务器...
2015-10-07 19:44:34 连接认证服务器...
2015-10-07 19:44:34 正在进行认证...
2015-10-07 19:44:34 认证成功
2015-10-07 19:44:34 管理中心提示： 
您当前使用的服务为internet;
账户余额为0.00元;
计费策略为包月;
您当前使用的接入控制为internet9;
2015-10-07 20:09:35 退出客户端成功
2015-10-07 20:11:52 认证方式  有线认证
2015-10-07 20:11:52 认证网卡  eth0
2015-10-07 20:11:52 用户名  20142480103
2015-10-07 20:11:52 服务  internet
2015-10-07 20:11:52 寻找认证服务器...
2015-10-07 20:11:52 连接认证服务器...
2015-10-07 20:11:52 正在进行认证...
2015-10-07 20:11:52 认证成功
2015-10-07 20:11:52 管理中心提示： 
您当前使用的服务为internet;
账户余额为0.00元;
计费策略为包月;
您当前使用的接入控制为internet9;
2015-10-07 20:33:49 退出客户端成功
2015-10-07 20:35:21 认证方式  有线认证
2015-10-07 20:35:21 认证网卡  eth0
2015-10-07 20:35:21 用户名  20142480103
2015-10-07 20:35:21 服务  internet
2015-10-07 20:35:22 寻找认证服务器...
2015-10-07 20:35:22 连接认证服务器...
2015-10-07 20:35:22 正在进行认证...
2015-10-07 20:35:22 认证成功
2015-10-07 20:35:22 管理中心提示： 
您当前使用的服务为internet;
账户余额为0.00元;
计费策略为包月;
您当前使用的接入控制为internet9;
2015-10-07 22:00:36 退出客户端成功
2015-10-07 22:04:16 认证方式  有线认证
2015-10-07 22:04:16 认证网卡  eth0
2015-10-07 22:04:16 用户名  20142480103
2015-10-07 22:04:16 服务  internet
2015-10-07 22:04:16 寻找认证服务器...
2015-10-07 22:04:16 连接认证服务器...
2015-10-07 22:04:16 正在进行认证...
2015-10-07 22:04:16 认证成功
2015-10-07 22:04:16 管理中心提示： 
您当前使用的服务为internet;
账户余额为0.00元;
计费策略为包月;
您当前使用的接入控制为internet9;
2015-10-07 22:12:35 退出客户端成功
2015-10-08 17:43:03 认证方式  有线认证
2015-10-08 17:43:03 认证网卡  eth0
2015-10-08 17:43:03 用户名  20142480103
2015-10-08 17:43:03 服务  internet
2015-10-08 17:43:04 寻找认证服务器...
2015-10-08 17:43:04 连接认证服务器...
2015-10-08 17:43:04 正在进行认证...
2015-10-08 17:43:04 认证成功
2015-10-08 17:43:04 管理中心提示： 
您当前使用的服务为internet;
账户余额为0.00元;
计费策略为包月;
您当前使用的接入控制为internet9;
2015-10-08 18:45:21 2015-10-08 18:45:21 网线没有连接上，请检查网卡连接
2015-10-08 18:45:24 客户端提示： 网卡连接正常，连接速度:1000.0 Mbps
2015-10-08 18:45:24 寻找认证服务器...
2015-10-08 18:45:24 连接认证服务器...
2015-10-08 18:45:24 正在进行认证...
2015-10-08 18:45:24 认证成功
2015-10-08 18:45:24 管理中心提示： 
您当前使用的服务为internet;
账户余额为0.00元;
计费策略为包月;
您当前使用的接入控制为internet9;
2015-10-08 19:35:46 2015-10-08 19:35:46 网线没有连接上，请检查网卡连接
2015-10-08 19:35:54 客户端提示： 网卡连接正常，连接速度:1000.0 Mbps
2015-10-08 19:35:54 寻找认证服务器...
2015-10-08 19:35:54 连接认证服务器...
2015-10-08 19:35:54 正在进行认证...
2015-10-08 19:35:54 认证成功
2015-10-08 19:35:54 管理中心提示： 
您当前使用的服务为internet;
账户余额为0.00元;
计费策略为包月;
您当前使用的接入控制为internet9;
2015-10-08 19:36:28 2015-10-08 19:36:28 网线没有连接上，请检查网卡连接
2015-10-08 19:36:34 客户端提示： 网卡连接正常，连接速度:1000.0 Mbps
2015-10-08 19:36:34 寻找认证服务器...
2015-10-08 19:36:34 连接认证服务器...
2015-10-08 19:36:34 连接认证服务器...
2015-10-08 19:36:34 正在进行认证...
2015-10-08 19:36:34 认证成功
2015-10-08 19:36:34 管理中心提示： 
您当前使用的服务为internet;
账户余额为0.00元;
计费策略为包月;
您当前使用的接入控制为internet9;
2015-10-08 19:49:15 2015-10-08 19:49:15 网线没有连接上，请检查网卡连接
2015-10-08 19:49:21 客户端提示： 网卡连接正常，连接速度:1000.0 Mbps
2015-10-08 19:49:21 2015-10-08 19:49:21 网线没有连接上，请检查网卡连接
2015-10-08 19:49:22 客户端提示： 网卡连接正常，连接速度:10.0 Mbps
2015-10-08 19:49:22 2015-10-08 19:49:22 网线没有连接上，请检查网卡连接
2015-10-08 19:49:22 寻找认证服务器...
2015-10-08 19:49:25 寻找认证服务器...
2015-10-08 19:49:28 寻找认证服务器...
2015-10-08 19:49:31 认证失败无法连接认证服务器。
2015-10-08 19:49:37 客户端提示： 网卡连接正常，连接速度:100.0 Mbps
2015-10-08 19:49:37 寻找认证服务器...
2015-10-08 19:49:37 连接认证服务器...
2015-10-08 19:49:37 正在进行认证...
2015-10-08 19:49:37 认证成功
2015-10-08 19:49:37 管理中心提示： 
您当前使用的服务为internet;
账户余额为0.00元;
计费策略为包月;
您当前使用的接入控制为internet9;
2015-10-08 23:37:45 退出客户端成功
2015-10-10 18:08:15 认证方式  有线认证
2015-10-10 18:08:15 认证网卡  eth0
2015-10-10 18:08:15 用户名  20142480103
2015-10-10 18:08:15 服务  internet
2015-10-10 18:08:15 寻找认证服务器...
2015-10-10 18:08:15 连接认证服务器...
2015-10-10 18:08:15 正在进行认证...
2015-10-10 18:08:15 认证成功
2015-10-10 18:08:15 管理中心提示： 最近部分同学在缴网费时出现缴费后网络状态还是欠费情况,可通过以下方式查询：1、圈存机上自助查询，查询某时间段的消费明细。2、校园卡门户网站，可以查询某时间段消费明细。如果消费明细中间明显缺少一笔20元的交易记录可到校园卡服务部进行咨询处理
您当前使用的服务为internet;
账户余额为0.00元;
计费策略为包月;
您当前使用的接入控制为internet9;
2015-10-10 20:30:00 退出客户端成功
2015-10-10 20:30:28 认证方式  有线认证
2015-10-10 20:30:28 认证网卡  eth0
2015-10-10 20:30:28 用户名  20142480103
2015-10-10 20:30:28 服务  internet
2015-10-10 20:30:28 寻找认证服务器...
2015-10-10 20:30:28 连接认证服务器...
2015-10-10 20:30:28 正在进行认证...
2015-10-10 20:30:28 认证成功
2015-10-10 20:30:28 管理中心提示： 最近部分同学在缴网费时出现缴费后网络状态还是欠费情况,可通过以下方式查询：1、圈存机上自助查询，查询某时间段的消费明细。2、校园卡门户网站，可以查询某时间段消费明细。如果消费明细中间明显缺少一笔20元的交易记录可到校园卡服务部进行咨询处理
您当前使用的服务为internet;
账户余额为0.00元;
计费策略为包月;
您当前使用的接入控制为internet9;
2015-10-10 21:30:11 退出客户端成功
2015-10-10 21:32:42 认证方式  有线认证
2015-10-10 21:32:42 认证网卡  eth0
2015-10-10 21:32:42 用户名  20142480103
2015-10-10 21:32:42 服务  internet
2015-10-10 21:32:43 寻找认证服务器...
2015-10-10 21:32:43 连接认证服务器...
2015-10-10 21:32:43 正在进行认证...
2015-10-10 21:32:43 认证成功
2015-10-10 21:32:43 管理中心提示： 最近部分同学在缴网费时出现缴费后网络状态还是欠费情况,可通过以下方式查询：1、圈存机上自助查询，查询某时间段的消费明细。2、校园卡门户网站，可以查询某时间段消费明细。如果消费明细中间明显缺少一笔20元的交易记录可到校园卡服务部进行咨询处理
您当前使用的服务为internet;
账户余额为0.00元;
计费策略为包月;
您当前使用的接入控制为internet9;
2015-10-10 22:54:44 退出客户端成功
2015-10-10 23:00:55 认证方式  有线认证
2015-10-10 23:00:55 认证网卡  eth0
2015-10-10 23:00:55 用户名  20142480103
2015-10-10 23:00:55 服务  internet
2015-10-10 23:00:55 寻找认证服务器...
2015-10-10 23:00:55 连接认证服务器...
2015-10-10 23:00:55 正在进行认证...
2015-10-10 23:00:55 认证成功
2015-10-10 23:00:55 管理中心提示： 最近部分同学在缴网费时出现缴费后网络状态还是欠费情况,可通过以下方式查询：1、圈存机上自助查询，查询某时间段的消费明细。2、校园卡门户网站，可以查询某时间段消费明细。如果消费明细中间明显缺少一笔20元的交易记录可到校园卡服务部进行咨询处理
您当前使用的服务为internet;
账户余额为0.00元;
计费策略为包月;
您当前使用的接入控制为internet9;
2015-10-10 23:06:25 退出客户端成功
2015-10-15 14:47:23 认证方式  有线认证
2015-10-15 14:47:23 认证网卡  eth0
2015-10-15 14:47:23 用户名  20142480103
2015-10-15 14:47:23 服务  internet
2015-10-15 14:47:23 寻找认证服务器...
2015-10-15 14:47:23 连接认证服务器...
2015-10-15 14:47:23 正在进行认证...
2015-10-15 14:47:23 认证成功
2015-10-15 14:47:23 管理中心提示： 最近部分同学在缴网费时出现缴费后网络状态还是欠费情况,可通过以下方式查询：1、圈存机上自助查询，查询某时间段的消费明细。2、校园卡门户网站，可以查询某时间段消费明细。如果消费明细中间明显缺少一笔20元的交易记录可到校园卡服务部进行咨询处理
您当前使用的服务为internet;
账户余额为0.00元;
计费策略为包月;
您当前使用的接入控制为internet9;
2015-10-15 15:01:00 退出客户端成功
2015-10-15 15:05:27 认证方式  有线认证
2015-10-15 15:05:27 认证网卡  eth0
2015-10-15 15:05:27 用户名  20142480103
2015-10-15 15:05:27 服务  internet
2015-10-15 15:05:27 寻找认证服务器...
2015-10-15 15:05:27 连接认证服务器...
2015-10-15 15:05:27 正在进行认证...
2015-10-15 15:05:27 认证成功
2015-10-15 15:05:27 管理中心提示： 最近部分同学在缴网费时出现缴费后网络状态还是欠费情况,可通过以下方式查询：1、圈存机上自助查询，查询某时间段的消费明细。2、校园卡门户网站，可以查询某时间段消费明细。如果消费明细中间明显缺少一笔20元的交易记录可到校园卡服务部进行咨询处理
您当前使用的服务为internet;
账户余额为0.00元;
计费策略为包月;
您当前使用的接入控制为internet9;
2015-10-15 15:29:50 退出客户端成功
2015-10-15 15:32:46 认证方式  有线认证
2015-10-15 15:32:46 认证网卡  eth0
2015-10-15 15:32:46 用户名  20142480103
2015-10-15 15:32:46 服务  internet
2015-10-15 15:32:46 寻找认证服务器...
2015-10-15 15:32:46 连接认证服务器...
2015-10-15 15:32:46 正在进行认证...
2015-10-15 15:32:46 认证成功
2015-10-15 15:32:46 管理中心提示： 最近部分同学在缴网费时出现缴费后网络状态还是欠费情况,可通过以下方式查询：1、圈存机上自助查询，查询某时间段的消费明细。2、校园卡门户网站，可以查询某时间段消费明细。如果消费明细中间明显缺少一笔20元的交易记录可到校园卡服务部进行咨询处理
您当前使用的服务为internet;
账户余额为0.00元;
计费策略为包月;
您当前使用的接入控制为internet9;
2015-10-15 15:44:48 退出客户端成功
2015-10-15 15:48:50 认证方式  有线认证
2015-10-15 15:48:50 认证网卡  eth0
2015-10-15 15:48:50 用户名  20142480103
2015-10-15 15:48:50 服务  internet
2015-10-15 15:48:50 寻找认证服务器...
2015-10-15 15:48:50 连接认证服务器...
2015-10-15 15:48:50 正在进行认证...
2015-10-15 15:48:50 认证成功
2015-10-15 15:48:50 管理中心提示： 最近部分同学在缴网费时出现缴费后网络状态还是欠费情况,可通过以下方式查询：1、圈存机上自助查询，查询某时间段的消费明细。2、校园卡门户网站，可以查询某时间段消费明细。如果消费明细中间明显缺少一笔20元的交易记录可到校园卡服务部进行咨询处理
您当前使用的服务为internet;
账户余额为0.00元;
计费策略为包月;
您当前使用的接入控制为internet9;
2015-10-15 17:38:17 认证方式  有线认证
2015-10-15 17:38:17 认证网卡  eth0
2015-10-15 17:38:17 用户名  20142480103
2015-10-15 17:38:17 服务  internet
2015-10-15 17:38:17 寻找认证服务器...
2015-10-15 17:38:17 连接认证服务器...
2015-10-15 17:38:17 正在进行认证...
2015-10-15 17:38:17 认证成功
2015-10-15 17:38:17 管理中心提示： 最近部分同学在缴网费时出现缴费后网络状态还是欠费情况,可通过以下方式查询：1、圈存机上自助查询，查询某时间段的消费明细。2、校园卡门户网站，可以查询某时间段消费明细。如果消费明细中间明显缺少一笔20元的交易记录可到校园卡服务部进行咨询处理
您当前使用的服务为internet;
账户余额为0.00元;
计费策略为包月;
您当前使用的接入控制为internet9;
2015-10-15 18:51:55 退出客户端成功
2015-10-15 19:19:05 认证方式  有线认证
2015-10-15 19:19:05 认证网卡  eth0
2015-10-15 19:19:05 用户名  20142480103
2015-10-15 19:19:05 服务  internet
2015-10-15 19:19:05 寻找认证服务器...
2015-10-15 19:19:05 连接认证服务器...
2015-10-15 19:19:05 正在进行认证...
2015-10-15 19:19:05 认证成功
2015-10-15 19:19:05 管理中心提示： 最近部分同学在缴网费时出现缴费后网络状态还是欠费情况,可通过以下方式查询：1、圈存机上自助查询，查询某时间段的消费明细。2、校园卡门户网站，可以查询某时间段消费明细。如果消费明细中间明显缺少一笔20元的交易记录可到校园卡服务部进行咨询处理
您当前使用的服务为internet;
账户余额为0.00元;
计费策略为包月;
您当前使用的接入控制为internet9;
2015-10-15 20:44:58 退出客户端成功
2015-10-16 10:58:09 认证方式  有线认证
2015-10-16 10:58:09 认证网卡  eth0
2015-10-16 10:58:09 用户名  20142480103
2015-10-16 10:58:09 服务  internet
2015-10-16 10:58:09 寻找认证服务器...
2015-10-16 10:58:09 连接认证服务器...
2015-10-16 10:58:09 正在进行认证...
2015-10-16 10:58:09 认证成功
2015-10-16 10:58:09 管理中心提示： 最近部分同学在缴网费时出现缴费后网络状态还是欠费情况,可通过以下方式查询：1、圈存机上自助查询，查询某时间段的消费明细。2、校园卡门户网站，可以查询某时间段消费明细。如果消费明细中间明显缺少一笔20元的交易记录可到校园卡服务部进行咨询处理
您当前使用的服务为internet;
账户余额为0.00元;
计费策略为包月;
您当前使用的接入控制为internet9;
2015-10-16 12:51:20 退出客户端成功
2015-10-16 12:53:08 认证方式  有线认证
2015-10-16 12:53:08 认证网卡  eth0
2015-10-16 12:53:08 用户名  20142480103
2015-10-16 12:53:08 服务  internet
2015-10-16 12:53:09 寻找认证服务器...
2015-10-16 12:53:09 连接认证服务器...
2015-10-16 12:53:09 正在进行认证...
2015-10-16 12:53:09 认证成功
2015-10-16 12:53:09 管理中心提示： 最近部分同学在缴网费时出现缴费后网络状态还是欠费情况,可通过以下方式查询：1、圈存机上自助查询，查询某时间段的消费明细。2、校园卡门户网站，可以查询某时间段消费明细。如果消费明细中间明显缺少一笔20元的交易记录可到校园卡服务部进行咨询处理
您当前使用的服务为internet;
账户余额为0.00元;
计费策略为包月;
您当前使用的接入控制为internet9;
2015-10-16 13:20:25 退出客户端成功
2015-10-16 13:22:36 认证方式  有线认证
2015-10-16 13:22:36 认证网卡  eth0
2015-10-16 13:22:36 用户名  20142480103
2015-10-16 13:22:36 服务  internet
2015-10-16 13:22:37 寻找认证服务器...
2015-10-16 13:22:37 连接认证服务器...
2015-10-16 13:22:37 正在进行认证...
2015-10-16 13:22:37 认证成功
2015-10-16 13:22:37 管理中心提示： 最近部分同学在缴网费时出现缴费后网络状态还是欠费情况,可通过以下方式查询：1、圈存机上自助查询，查询某时间段的消费明细。2、校园卡门户网站，可以查询某时间段消费明细。如果消费明细中间明显缺少一笔20元的交易记录可到校园卡服务部进行咨询处理
您当前使用的服务为internet;
账户余额为0.00元;
计费策略为包月;
您当前使用的接入控制为internet9;
2015-10-16 13:28:28 退出客户端成功
2015-10-16 13:29:13 认证方式  有线认证
2015-10-16 13:29:13 认证网卡  eth0
2015-10-16 13:29:13 用户名  20142480103
2015-10-16 13:29:13 服务  internet
2015-10-16 13:29:13 寻找认证服务器...
2015-10-16 13:29:13 连接认证服务器...
2015-10-16 13:29:13 正在进行认证...
2015-10-16 13:29:13 认证成功
2015-10-16 13:29:13 管理中心提示： 最近部分同学在缴网费时出现缴费后网络状态还是欠费情况,可通过以下方式查询：1、圈存机上自助查询，查询某时间段的消费明细。2、校园卡门户网站，可以查询某时间段消费明细。如果消费明细中间明显缺少一笔20元的交易记录可到校园卡服务部进行咨询处理
您当前使用的服务为internet;
账户余额为0.00元;
计费策略为包月;
您当前使用的接入控制为internet9;
2015-10-16 13:35:00 退出客户端成功
2015-10-16 13:35:48 认证方式  有线认证
2015-10-16 13:35:48 认证网卡  eth0
2015-10-16 13:35:48 用户名  20142480103
2015-10-16 13:35:48 服务  internet
2015-10-16 13:35:48 寻找认证服务器...
2015-10-16 13:35:48 连接认证服务器...
2015-10-16 13:35:48 正在进行认证...
2015-10-16 13:35:48 认证成功
2015-10-16 13:35:48 管理中心提示： 最近部分同学在缴网费时出现缴费后网络状态还是欠费情况,可通过以下方式查询：1、圈存机上自助查询，查询某时间段的消费明细。2、校园卡门户网站，可以查询某时间段消费明细。如果消费明细中间明显缺少一笔20元的交易记录可到校园卡服务部进行咨询处理
您当前使用的服务为internet;
账户余额为0.00元;
计费策略为包月;
您当前使用的接入控制为internet9;
2015-10-16 13:37:48 退出客户端成功
2015-10-16 13:40:11 认证方式  有线认证
2015-10-16 13:40:11 认证网卡  eth0
2015-10-16 13:40:11 用户名  20142480103
2015-10-16 13:40:11 服务  internet
2015-10-16 13:40:11 寻找认证服务器...
2015-10-16 13:40:11 连接认证服务器...
2015-10-16 13:40:11 正在进行认证...
2015-10-16 13:40:11 认证成功
2015-10-16 13:40:11 管理中心提示： 最近部分同学在缴网费时出现缴费后网络状态还是欠费情况,可通过以下方式查询：1、圈存机上自助查询，查询某时间段的消费明细。2、校园卡门户网站，可以查询某时间段消费明细。如果消费明细中间明显缺少一笔20元的交易记录可到校园卡服务部进行咨询处理
您当前使用的服务为internet;
账户余额为0.00元;
计费策略为包月;
您当前使用的接入控制为internet9;
2015-10-16 13:54:16 退出客户端成功
2015-10-16 13:55:13 认证方式  有线认证
2015-10-16 13:55:13 认证网卡  eth0
2015-10-16 13:55:13 用户名  20142480103
2015-10-16 13:55:13 服务  internet
2015-10-16 13:55:13 寻找认证服务器...
2015-10-16 13:55:13 连接认证服务器...
2015-10-16 13:55:13 正在进行认证...
2015-10-16 13:55:13 认证成功
2015-10-16 13:55:13 管理中心提示： 最近部分同学在缴网费时出现缴费后网络状态还是欠费情况,可通过以下方式查询：1、圈存机上自助查询，查询某时间段的消费明细。2、校园卡门户网站，可以查询某时间段消费明细。如果消费明细中间明显缺少一笔20元的交易记录可到校园卡服务部进行咨询处理
您当前使用的服务为internet;
账户余额为0.00元;
计费策略为包月;
您当前使用的接入控制为internet9;
2015-10-16 16:26:43 退出客户端成功
2015-10-16 16:43:53 认证方式  有线认证
2015-10-16 16:43:53 认证网卡  eth0
2015-10-16 16:43:53 用户名  20142480103
2015-10-16 16:43:53 服务  internet
2015-10-16 16:43:53 寻找认证服务器...
2015-10-16 16:43:53 连接认证服务器...
2015-10-16 16:43:53 正在进行认证...
2015-10-16 16:43:53 认证成功
2015-10-16 16:43:53 管理中心提示： 最近部分同学在缴网费时出现缴费后网络状态还是欠费情况,可通过以下方式查询：1、圈存机上自助查询，查询某时间段的消费明细。2、校园卡门户网站，可以查询某时间段消费明细。如果消费明细中间明显缺少一笔20元的交易记录可到校园卡服务部进行咨询处理
您当前使用的服务为internet;
账户余额为0.00元;
计费策略为包月;
您当前使用的接入控制为internet9;
2015-10-16 16:51:37 退出客户端成功
2015-10-16 16:54:40 认证方式  有线认证
2015-10-16 16:54:40 认证网卡  eth0
2015-10-16 16:54:40 用户名  20142480103
2015-10-16 16:54:40 服务  internet
2015-10-16 16:54:41 寻找认证服务器...
2015-10-16 16:54:41 连接认证服务器...
2015-10-16 16:54:41 正在进行认证...
2015-10-16 16:54:41 认证成功
2015-10-16 16:54:41 管理中心提示： 最近部分同学在缴网费时出现缴费后网络状态还是欠费情况,可通过以下方式查询：1、圈存机上自助查询，查询某时间段的消费明细。2、校园卡门户网站，可以查询某时间段消费明细。如果消费明细中间明显缺少一笔20元的交易记录可到校园卡服务部进行咨询处理
您当前使用的服务为internet;
账户余额为0.00元;
计费策略为包月;
您当前使用的接入控制为internet9;
2015-10-16 23:08:53 认证方式  有线认证
2015-10-16 23:08:53 认证网卡  eth0
2015-10-16 23:08:53 用户名  20142480103
2015-10-16 23:08:53 服务  internet
2015-10-16 23:08:53 寻找认证服务器...
2015-10-16 23:08:53 连接认证服务器...
2015-10-16 23:08:53 正在进行认证...
2015-10-16 23:08:53 认证成功
2015-10-16 23:08:53 管理中心提示： 最近部分同学在缴网费时出现缴费后网络状态还是欠费情况,可通过以下方式查询：1、圈存机上自助查询，查询某时间段的消费明细。2、校园卡门户网站，可以查询某时间段消费明细。如果消费明细中间明显缺少一笔20元的交易记录可到校园卡服务部进行咨询处理
您当前使用的服务为internet;
账户余额为0.00元;
计费策略为包月;
您当前使用的接入控制为internet9;
2015-10-17 00:09:14 认证方式  有线认证
2015-10-17 00:09:14 认证网卡  eth0
2015-10-17 00:09:14 用户名  20142480103
2015-10-17 00:09:14 服务  internet
2015-10-17 00:09:15 寻找认证服务器...
2015-10-17 00:09:15 连接认证服务器...
2015-10-17 00:09:15 正在进行认证...
2015-10-17 00:09:15 认证成功
2015-10-17 00:09:15 管理中心提示： 最近部分同学在缴网费时出现缴费后网络状态还是欠费情况,可通过以下方式查询：1、圈存机上自助查询，查询某时间段的消费明细。2、校园卡门户网站，可以查询某时间段消费明细。如果消费明细中间明显缺少一笔20元的交易记录可到校园卡服务部进行咨询处理
您当前使用的服务为internet;
账户余额为0.00元;
计费策略为包月;
您当前使用的接入控制为internet9;
2015-10-17 08:57:18 认证方式  有线认证
2015-10-17 08:57:18 认证网卡  eth0
2015-10-17 08:57:18 用户名  20142480103
2015-10-17 08:57:18 服务  internet
2015-10-17 08:57:18 寻找认证服务器...
2015-10-17 08:57:18 连接认证服务器...
2015-10-17 08:57:18 正在进行认证...
2015-10-17 08:57:18 认证成功
2015-10-17 08:57:18 管理中心提示： 最近部分同学在缴网费时出现缴费后网络状态还是欠费情况,可通过以下方式查询：1、圈存机上自助查询，查询某时间段的消费明细。2、校园卡门户网站，可以查询某时间段消费明细。如果消费明细中间明显缺少一笔20元的交易记录可到校园卡服务部进行咨询处理
您当前使用的服务为internet;
账户余额为0.00元;
计费策略为包月;
您当前使用的接入控制为internet9;
2015-10-17 12:49:50 退出客户端成功
2015-10-17 12:53:58 认证方式  有线认证
2015-10-17 12:53:58 认证网卡  eth0
2015-10-17 12:53:58 用户名  20142480103
2015-10-17 12:53:58 服务  internet
2015-10-17 12:53:58 寻找认证服务器...
2015-10-17 12:53:58 连接认证服务器...
2015-10-17 12:53:58 正在进行认证...
2015-10-17 12:53:58 认证成功
2015-10-17 12:53:58 管理中心提示： 最近部分同学在缴网费时出现缴费后网络状态还是欠费情况,可通过以下方式查询：1、圈存机上自助查询，查询某时间段的消费明细。2、校园卡门户网站，可以查询某时间段消费明细。如果消费明细中间明显缺少一笔20元的交易记录可到校园卡服务部进行咨询处理
您当前使用的服务为internet;
账户余额为0.00元;
计费策略为包月;
您当前使用的接入控制为internet9;
2015-10-17 12:58:29 退出客户端成功
2015-10-17 13:02:46 认证方式  有线认证
2015-10-17 13:02:46 认证网卡  eth0
2015-10-17 13:02:46 用户名  20142480103
2015-10-17 13:02:46 服务  internet
2015-10-17 13:02:46 寻找认证服务器...
2015-10-17 13:02:46 连接认证服务器...
2015-10-17 13:02:46 正在进行认证...
2015-10-17 13:02:46 认证成功
2015-10-17 13:02:46 管理中心提示： 最近部分同学在缴网费时出现缴费后网络状态还是欠费情况,可通过以下方式查询：1、圈存机上自助查询，查询某时间段的消费明细。2、校园卡门户网站，可以查询某时间段消费明细。如果消费明细中间明显缺少一笔20元的交易记录可到校园卡服务部进行咨询处理
您当前使用的服务为internet;
账户余额为0.00元;
计费策略为包月;
您当前使用的接入控制为internet9;
2015-10-17 14:42:18 退出客户端成功
2015-10-18 00:44:30 认证方式  有线认证
2015-10-18 00:44:30 认证网卡  eth0
2015-10-18 00:44:30 用户名  20142480103
2015-10-18 00:44:30 服务  internet
2015-10-18 00:44:30 寻找认证服务器...
2015-10-18 00:44:30 连接认证服务器...
2015-10-18 00:44:30 正在进行认证...
2015-10-18 00:44:30 认证成功
2015-10-18 00:44:30 管理中心提示： 最近部分同学在缴网费时出现缴费后网络状态还是欠费情况,可通过以下方式查询：1、圈存机上自助查询，查询某时间段的消费明细。2、校园卡门户网站，可以查询某时间段消费明细。如果消费明细中间明显缺少一笔20元的交易记录可到校园卡服务部进行咨询处理
您当前使用的服务为internet;
账户余额为0.00元;
计费策略为包月;
您当前使用的接入控制为internet9;
2015-10-18 00:53:41 退出客户端成功
2015-10-18 11:03:16 认证方式  有线认证
2015-10-18 11:03:16 认证网卡  eth0
2015-10-18 11:03:16 用户名  20142480103
2015-10-18 11:03:16 服务  internet
2015-10-18 11:03:16 寻找认证服务器...
2015-10-18 11:03:16 连接认证服务器...
2015-10-18 11:03:16 连接认证服务器...
2015-10-18 11:03:16 正在进行认证...
2015-10-18 11:03:16 认证成功
2015-10-18 11:03:16 管理中心提示： 最近部分同学在缴网费时出现缴费后网络状态还是欠费情况,可通过以下方式查询：1、圈存机上自助查询，查询某时间段的消费明细。2、校园卡门户网站，可以查询某时间段消费明细。如果消费明细中间明显缺少一笔20元的交易记录可到校园卡服务部进行咨询处理
您当前使用的服务为internet;
账户余额为0.00元;
计费策略为包月;
您当前使用的接入控制为internet9;
2015-10-18 12:01:33 认证方式  有线认证
2015-10-18 12:01:33 认证网卡  eth0
2015-10-18 12:01:33 用户名  20142480103
2015-10-18 12:01:33 服务  internet
2015-10-18 12:01:34 寻找认证服务器...
2015-10-18 12:01:34 连接认证服务器...
2015-10-18 12:01:34 正在进行认证...
2015-10-18 12:01:34 认证成功
2015-10-18 12:01:34 管理中心提示： 最近部分同学在缴网费时出现缴费后网络状态还是欠费情况,可通过以下方式查询：1、圈存机上自助查询，查询某时间段的消费明细。2、校园卡门户网站，可以查询某时间段消费明细。如果消费明细中间明显缺少一笔20元的交易记录可到校园卡服务部进行咨询处理
您当前使用的服务为internet;
账户余额为0.00元;
计费策略为包月;
您当前使用的接入控制为internet9;
2015-10-18 12:12:04 退出客户端成功
2015-10-18 12:12:56 认证方式  有线认证
2015-10-18 12:12:56 认证网卡  eth0
2015-10-18 12:12:56 用户名  20142480103
2015-10-18 12:12:56 服务  internet
2015-10-18 12:12:56 寻找认证服务器...
2015-10-18 12:12:56 连接认证服务器...
2015-10-18 12:12:56 正在进行认证...
2015-10-18 12:12:56 认证成功
2015-10-18 12:12:56 管理中心提示： 最近部分同学在缴网费时出现缴费后网络状态还是欠费情况,可通过以下方式查询：1、圈存机上自助查询，查询某时间段的消费明细。2、校园卡门户网站，可以查询某时间段消费明细。如果消费明细中间明显缺少一笔20元的交易记录可到校园卡服务部进行咨询处理
您当前使用的服务为internet;
账户余额为0.00元;
计费策略为包月;
您当前使用的接入控制为internet9;
2015-10-18 12:49:30 退出客户端成功
2015-10-18 12:50:15 认证方式  有线认证
2015-10-18 12:50:15 认证网卡  eth0
2015-10-18 12:50:15 用户名  20142480103
2015-10-18 12:50:15 服务  internet
2015-10-18 12:50:15 寻找认证服务器...
2015-10-18 12:50:15 连接认证服务器...
2015-10-18 12:50:15 正在进行认证...
2015-10-18 12:50:15 认证成功
2015-10-18 12:50:15 管理中心提示： 最近部分同学在缴网费时出现缴费后网络状态还是欠费情况,可通过以下方式查询：1、圈存机上自助查询，查询某时间段的消费明细。2、校园卡门户网站，可以查询某时间段消费明细。如果消费明细中间明显缺少一笔20元的交易记录可到校园卡服务部进行咨询处理
您当前使用的服务为internet;
账户余额为0.00元;
计费策略为包月;
您当前使用的接入控制为internet9;
2015-10-18 14:11:41 退出客户端成功
2015-10-18 14:13:35 认证方式  有线认证
2015-10-18 14:13:35 认证网卡  eth0
2015-10-18 14:13:35 用户名  20142480103
2015-10-18 14:13:35 服务  internet
2015-10-18 14:13:36 寻找认证服务器...
2015-10-18 14:13:36 连接认证服务器...
2015-10-18 14:13:36 正在进行认证...
2015-10-18 14:13:36 认证成功
2015-10-18 14:13:36 管理中心提示： 最近部分同学在缴网费时出现缴费后网络状态还是欠费情况,可通过以下方式查询：1、圈存机上自助查询，查询某时间段的消费明细。2、校园卡门户网站，可以查询某时间段消费明细。如果消费明细中间明显缺少一笔20元的交易记录可到校园卡服务部进行咨询处理
您当前使用的服务为internet;
账户余额为0.00元;
计费策略为包月;
您当前使用的接入控制为internet9;
2015-10-18 15:07:59 退出客户端成功
2015-10-18 21:41:20 认证方式  有线认证
2015-10-18 21:41:20 认证网卡  eth0
2015-10-18 21:41:20 用户名  20142480103
2015-10-18 21:41:20 服务  internet
2015-10-18 21:41:20 寻找认证服务器...
2015-10-18 21:41:20 连接认证服务器...
2015-10-18 21:41:20 正在进行认证...
2015-10-18 21:41:20 认证成功
2015-10-18 21:41:20 管理中心提示： 最近部分同学在缴网费时出现缴费后网络状态还是欠费情况,可通过以下方式查询：1、圈存机上自助查询，查询某时间段的消费明细。2、校园卡门户网站，可以查询某时间段消费明细。如果消费明细中间明显缺少一笔20元的交易记录可到校园卡服务部进行咨询处理
您当前使用的服务为internet;
账户余额为0.00元;
计费策略为包月;
您当前使用的接入控制为internet9;
2015-10-18 23:32:17 退出客户端成功
2015-10-18 23:55:11 认证方式  有线认证
2015-10-18 23:55:11 认证网卡  eth0
2015-10-18 23:55:11 用户名  20142480103
2015-10-18 23:55:11 服务  internet
2015-10-18 23:55:11 寻找认证服务器...
2015-10-18 23:55:11 连接认证服务器...
2015-10-18 23:55:11 正在进行认证...
2015-10-18 23:55:11 认证成功
2015-10-18 23:55:11 管理中心提示： 最近部分同学在缴网费时出现缴费后网络状态还是欠费情况,可通过以下方式查询：1、圈存机上自助查询，查询某时间段的消费明细。2、校园卡门户网站，可以查询某时间段消费明细。如果消费明细中间明显缺少一笔20元的交易记录可到校园卡服务部进行咨询处理
您当前使用的服务为internet;
账户余额为0.00元;
计费策略为包月;
您当前使用的接入控制为internet9;
2015-10-19 00:23:45 退出客户端成功
